#
# There is insufficient memory for the Java Runtime Environment to continue.
# Native memory allocation (mmap) failed to map 98566144 bytes for G1 virtual space
# Possible reasons:
#   The system is out of physical RAM or swap space
#   The process is running with CompressedOops enabled, and the Java Heap may be blocking the growth of the native heap
# Possible solutions:
#   Reduce memory load on the system
#   Increase physical memory or swap space
#   Check if swap backing store is full
#   Decrease Java heap size (-Xmx/-Xms)
#   Decrease number of Java threads
#   Decrease Java thread stack sizes (-Xss)
#   Set larger code cache with -XX:ReservedCodeCacheSize=
#   JVM is running with Unscaled Compressed Oops mode in which the Java heap is
#     placed in the first 4GB address space. The Java Heap base address is the
#     maximum limit for the native heap growth. Please use -XX:HeapBaseMinAddress
#     to set the Java Heap base and to place the Java Heap above 4GB virtual address.
# This output file may be truncated or incomplete.
#
#  Out of Memory Error (os_windows.cpp:3548), pid=80060, tid=102144
#
# JRE version:  (17.0.5+8) (build )
# Java VM: OpenJDK 64-Bit Server VM (17.0.5+8, mixed mode, emulated-client, sharing, tiered, compressed oops, compressed class ptrs, g1 gc, windows-amd64)
# No core dump will be written. Minidumps are not enabled by default on client versions of Windows
#

---------------  S U M M A R Y ------------

Command Line: -Dcom.sun.management.jmxremote -Dcom.sun.management.jmxremote.port=54130 -Dcom.sun.management.jmxremote.authenticate=false -Dcom.sun.management.jmxremote.ssl=false -Djava.rmi.server.hostname=localhost -Dspring.jmx.enabled=true -Dmanagement.endpoints.jmx.exposure.include=* -Dspring.application.admin.enabled=true -XX:TieredStopAtLevel=1 -Dspring.boot.project.name=EmployeeMagement -Dfile.encoding=UTF-8 -XX:+ShowCodeDetailsInExceptionMessages com.project.EmployeeMagementApplication --spring.output.ansi.enabled=always

Host: AMD Ryzen 5 5500U with Radeon Graphics         , 12 cores, 5G,  Windows 11 , 64 bit Build 22000 (10.0.22000.1335)
Time: Mon Feb 20 16:38:17 2023 India Standard Time elapsed time: 0.020805 seconds (0d 0h 0m 0s)

---------------  T H R E A D  ---------------

Current thread (0x0000028e2100e060):  JavaThread "Unknown thread" [_thread_in_vm, id=102144, stack(0x000000fe4af00000,0x000000fe4b000000)]

Stack: [0x000000fe4af00000,0x000000fe4b000000]
Native frames: (J=compiled Java code, j=interpreted, Vv=VM code, C=native code)
V  [jvm.dll+0x676b3a]
V  [jvm.dll+0x831444]
V  [jvm.dll+0x832bee]
V  [jvm.dll+0x833253]
V  [jvm.dll+0x244ce5]
V  [jvm.dll+0x673a49]
V  [jvm.dll+0x66811a]
V  [jvm.dll+0x303ceb]
V  [jvm.dll+0x30b1e6]
V  [jvm.dll+0x35adbe]
V  [jvm.dll+0x35afef]
V  [jvm.dll+0x2dab88]
V  [jvm.dll+0x2dbaf4]
V  [jvm.dll+0x803121]
V  [jvm.dll+0x368bb1]
V  [jvm.dll+0x7e265c]
V  [jvm.dll+0x3eb17f]
V  [jvm.dll+0x3eccc1]
C  [jli.dll+0x5267]
C  [ucrtbase.dll+0x26c0c]
C  [KERNEL32.DLL+0x155a0]
C  [ntdll.dll+0x485b]


---------------  P R O C E S S  ---------------

Threads class SMR info:
_java_thread_list=0x00007ffdb9c92f18, length=0, elements={
}

Java Threads: ( => current thread )

Other Threads:
  0x0000028e2105a1d0 GCTaskThread "GC Thread#0" [stack: 0x000000fe4b000000,0x000000fe4b100000] [id=104680]
  0x0000028e21066c50 ConcurrentGCThread "G1 Main Marker" [stack: 0x000000fe4b100000,0x000000fe4b200000] [id=93932]
  0x0000028e21069e20 ConcurrentGCThread "G1 Conc#0" [stack: 0x000000fe4b200000,0x000000fe4b300000] [id=80096]

[error occurred during error reporting (printing all threads), id 0xc0000005, EXCEPTION_ACCESS_VIOLATION (0xc0000005) at pc=0x00007ffdb946b617]

VM state: not at safepoint (not fully initialized)

VM Mutex/Monitor currently owned by a thread:  ([mutex/lock_event])
[0x0000028e20dbd070] Heap_lock - owner thread: 0x0000028e2100e060

Heap address: 0x00000000a2600000, size: 1498 MB, Compressed Oops mode: 32-bit

CDS archive(s) mapped at: [0x0000000000000000-0x0000000000000000-0x0000000000000000), size 0, SharedBaseAddress: 0x0000000800000000, ArchiveRelocationMode: 0.
Narrow klass base: 0x0000000000000000, Narrow klass shift: 0, Narrow klass range: 0x0

GC Precious Log:
<Empty>

Heap:
 garbage-first heap   total 0K, used 0K [0x00000000a2600000, 0x0000000100000000)
  region size 1024K, 0 young (0K), 0 survivors (0K)

[error occurred during error reporting (printing heap information), id 0xc0000005, EXCEPTION_ACCESS_VIOLATION (0xc0000005) at pc=0x00007ffdb984fcb9]

GC Heap History (0 events):
No events

Dll operation events (1 events):
Event: 0.014 Loaded shared library C:\Users\Ganesh\Downloads\sts-4.17.1.RELEASE\plugins\org.eclipse.justj.openjdk.hotspot.jre.full.win32.x86_64_17.0.5.v20221102-0933\jre\bin\java.dll

Deoptimization events (0 events):
No events

Classes unloaded (0 events):
No events

Classes redefined (0 events):
No events

Internal exceptions (0 events):
No events

VM Operations (0 events):
No events

Events (0 events):
No events


Dynamic libraries:
0x00007ff75eed0000 - 0x00007ff75eede000 	C:\Users\Ganesh\Downloads\sts-4.17.1.RELEASE\plugins\org.eclipse.justj.openjdk.hotspot.jre.full.win32.x86_64_17.0.5.v20221102-0933\jre\bin\javaw.exe
0x00007ffe26e80000 - 0x00007ffe27089000 	C:\Windows\SYSTEM32\ntdll.dll
0x00007ffe26280000 - 0x00007ffe2633e000 	C:\Windows\System32\KERNEL32.DLL
0x00007ffe24980000 - 0x00007ffe24cfb000 	C:\Windows\System32\KERNELBASE.dll
0x00007ffe24640000 - 0x00007ffe24751000 	C:\Windows\System32\ucrtbase.dll
0x00007ffdf3d50000 - 0x00007ffdf3d67000 	C:\Users\Ganesh\Downloads\sts-4.17.1.RELEASE\plugins\org.eclipse.justj.openjdk.hotspot.jre.full.win32.x86_64_17.0.5.v20221102-0933\jre\bin\jli.dll
0x00007ffdf3d70000 - 0x00007ffdf3d89000 	C:\Users\Ganesh\Downloads\sts-4.17.1.RELEASE\plugins\org.eclipse.justj.openjdk.hotspot.jre.full.win32.x86_64_17.0.5.v20221102-0933\jre\bin\VCRUNTIME140.dll
0x00007ffe26000000 - 0x00007ffe261ad000 	C:\Windows\System32\USER32.dll
0x00007ffe24950000 - 0x00007ffe24976000 	C:\Windows\System32\win32u.dll
0x00007ffe26c70000 - 0x00007ffe26c99000 	C:\Windows\System32\GDI32.dll
0x00007ffe0abc0000 - 0x00007ffe0ae65000 	C:\Windows\WinSxS\amd64_microsoft.windows.common-controls_6595b64144ccf1df_6.0.22000.120_none_9d947278b86cc467\COMCTL32.dll
0x00007ffe24460000 - 0x00007ffe24578000 	C:\Windows\System32\gdi32full.dll
0x00007ffe26ca0000 - 0x00007ffe26d43000 	C:\Windows\System32\msvcrt.dll
0x00007ffe243c0000 - 0x00007ffe2445d000 	C:\Windows\System32\msvcp_win.dll
0x00007ffe24d70000 - 0x00007ffe24da2000 	C:\Windows\System32\IMM32.DLL
0x00007ffe21270000 - 0x00007ffe2127c000 	C:\Users\Ganesh\Downloads\sts-4.17.1.RELEASE\plugins\org.eclipse.justj.openjdk.hotspot.jre.full.win32.x86_64_17.0.5.v20221102-0933\jre\bin\vcruntime140_1.dll
0x00007ffdf3cb0000 - 0x00007ffdf3d41000 	C:\Users\Ganesh\Downloads\sts-4.17.1.RELEASE\plugins\org.eclipse.justj.openjdk.hotspot.jre.full.win32.x86_64_17.0.5.v20221102-0933\jre\bin\msvcp140.dll
0x00007ffdb9180000 - 0x00007ffdb9dc4000 	C:\Users\Ganesh\Downloads\sts-4.17.1.RELEASE\plugins\org.eclipse.justj.openjdk.hotspot.jre.full.win32.x86_64_17.0.5.v20221102-0933\jre\bin\server\jvm.dll
0x00007ffe25d10000 - 0x00007ffe25dbe000 	C:\Windows\System32\ADVAPI32.dll
0x00007ffe25dc0000 - 0x00007ffe25e5e000 	C:\Windows\System32\sechost.dll
0x00007ffe25130000 - 0x00007ffe25250000 	C:\Windows\System32\RPCRT4.dll
0x00007ffe01bd0000 - 0x00007ffe01bd9000 	C:\Windows\SYSTEM32\WSOCK32.dll
0x00007ffe1dda0000 - 0x00007ffe1ddd3000 	C:\Windows\SYSTEM32\WINMM.dll
0x00007ffe261b0000 - 0x00007ffe2621f000 	C:\Windows\System32\WS2_32.dll
0x00007ffe1b050000 - 0x00007ffe1b05a000 	C:\Windows\SYSTEM32\VERSION.dll
0x00007ffe233d0000 - 0x00007ffe233e8000 	C:\Windows\SYSTEM32\kernel.appcore.dll
0x00007ffe1de60000 - 0x00007ffe1de6a000 	C:\Users\Ganesh\Downloads\sts-4.17.1.RELEASE\plugins\org.eclipse.justj.openjdk.hotspot.jre.full.win32.x86_64_17.0.5.v20221102-0933\jre\bin\jimage.dll
0x00007ffe21ee0000 - 0x00007ffe22101000 	C:\Windows\SYSTEM32\DBGHELP.DLL
0x00007ffe13cb0000 - 0x00007ffe13ce1000 	C:\Windows\SYSTEM32\dbgcore.DLL
0x00007ffe248d0000 - 0x00007ffe2494f000 	C:\Windows\System32\bcryptPrimitives.dll
0x00007ffe077a0000 - 0x00007ffe077c5000 	C:\Users\Ganesh\Downloads\sts-4.17.1.RELEASE\plugins\org.eclipse.justj.openjdk.hotspot.jre.full.win32.x86_64_17.0.5.v20221102-0933\jre\bin\java.dll

dbghelp: loaded successfully - version: 4.0.5 - missing functions: none
symbol engine: initialized successfully - sym options: 0x614 - pdb path: .;C:\Users\Ganesh\Downloads\sts-4.17.1.RELEASE\plugins\org.eclipse.justj.openjdk.hotspot.jre.full.win32.x86_64_17.0.5.v20221102-0933\jre\bin;C:\Windows\SYSTEM32;C:\Windows\WinSxS\amd64_microsoft.windows.common-controls_6595b64144ccf1df_6.0.22000.120_none_9d947278b86cc467;C:\Users\Ganesh\Downloads\sts-4.17.1.RELEASE\plugins\org.eclipse.justj.openjdk.hotspot.jre.full.win32.x86_64_17.0.5.v20221102-0933\jre\bin\server

VM Arguments:
jvm_args: -Dcom.sun.management.jmxremote -Dcom.sun.management.jmxremote.port=54130 -Dcom.sun.management.jmxremote.authenticate=false -Dcom.sun.management.jmxremote.ssl=false -Djava.rmi.server.hostname=localhost -Dspring.jmx.enabled=true -Dmanagement.endpoints.jmx.exposure.include=* -Dspring.application.admin.enabled=true -XX:TieredStopAtLevel=1 -Dspring.boot.project.name=EmployeeMagement -Dfile.encoding=UTF-8 -XX:+ShowCodeDetailsInExceptionMessages 
java_command: com.project.EmployeeMagementApplication --spring.output.ansi.enabled=always
java_class_path (initial): C:\Users\Ganesh\Documents\workspace-spring-tool-suite-4-4.17.1.RELEASE\EmployeeMagement\target\classes;C:\Users\Ganesh\.m2\repository\org\springframework\boot\spring-boot-starter-data-jpa\3.0.2\spring-boot-starter-data-jpa-3.0.2.jar;C:\Users\Ganesh\.m2\repository\org\springframework\boot\spring-boot-starter-aop\3.0.2\spring-boot-starter-aop-3.0.2.jar;C:\Users\Ganesh\.m2\repository\org\aspectj\aspectjweaver\1.9.19\aspectjweaver-1.9.19.jar;C:\Users\Ganesh\.m2\repository\org\springframework\boot\spring-boot-starter-jdbc\3.0.2\spring-boot-starter-jdbc-3.0.2.jar;C:\Users\Ganesh\.m2\repository\com\zaxxer\HikariCP\5.0.1\HikariCP-5.0.1.jar;C:\Users\Ganesh\.m2\repository\org\springframework\spring-jdbc\6.0.4\spring-jdbc-6.0.4.jar;C:\Users\Ganesh\.m2\repository\org\hibernate\orm\hibernate-core\6.1.6.Final\hibernate-core-6.1.6.Final.jar;C:\Users\Ganesh\.m2\repository\jakarta\persistence\jakarta.persistence-api\3.1.0\jakarta.persistence-api-3.1.0.jar;C:\Users\Ganesh\.m2\repository\jakarta\transaction\jakarta.transaction-api\2.0.1\jakarta.transaction-api-2.0.1.jar;C:\Users\Ganesh\.m2\repository\org\jboss\logging\jboss-logging\3.5.0.Final\jboss-logging-3.5.0.Final.jar;C:\Users\Ganesh\.m2\repository\org\hibernate\common\hibernate-commons-annotations\6.0.2.Final\hibernate-commons-annotations-6.0.2.Final.jar;C:\Users\Ganesh\.m2\repository\org\jboss\jandex\2.4.2.Final\jandex-2.4.2.Final.jar;C:\Users\Ganesh\.m2\repository\com\fasterxml\classmate\1.5.1\classmate-1.5.1.jar;C:\Users\Ganesh\.m2\repository\net\bytebuddy\byte-buddy\1.12.22\byte-buddy-1.12.22.jar;C:\Users\Ganesh\.m2\repository\org\glassfish\jaxb\jaxb-runtime\4.0.1\jaxb-runtime-4.0.1.jar;C:\Users\Ganesh\.m2\repository\org\glassfish\jaxb\jaxb-core\4.0.1\jaxb-core-4.0.1.jar;C:\Users\Ganesh\.m2\repository\org\eclipse\angus\angus-activation\1.0.0\angus-activation-1.0.0.jar;C:\Users\Ganesh\.m2\repository\org\glassfish\jaxb\txw2\4.0.1\txw2-4.0.1.jar;C:\Users\Ganesh\.m2\repository\com\sun\istack\istack-c
Launcher Type: SUN_STANDARD

[Global flags]
     intx CICompilerCount                          = 4                                         {product} {ergonomic}
     uint ConcGCThreads                            = 3                                         {product} {ergonomic}
     uint G1ConcRefinementThreads                  = 10                                        {product} {ergonomic}
   size_t G1HeapRegionSize                         = 1048576                                   {product} {ergonomic}
    uintx GCDrainStackTargetSize                   = 64                                        {product} {ergonomic}
   size_t InitialHeapSize                          = 98566144                                  {product} {ergonomic}
     bool ManagementServer                         = true                                      {product} {command line}
   size_t MarkStackSize                            = 4194304                                   {product} {ergonomic}
   size_t MaxHeapSize                              = 1570766848                                {product} {ergonomic}
   size_t MinHeapDeltaBytes                        = 1048576                                   {product} {ergonomic}
   size_t MinHeapSize                              = 8388608                                   {product} {ergonomic}
    uintx NonProfiledCodeHeapSize                  = 0                                      {pd product} {ergonomic}
     bool ProfileInterpreter                       = false                                  {pd product} {command line}
    uintx ProfiledCodeHeapSize                     = 0                                      {pd product} {ergonomic}
     bool ShowCodeDetailsInExceptionMessages       = true                                   {manageable} {command line}
   size_t SoftMaxHeapSize                          = 1570766848                             {manageable} {ergonomic}
     intx TieredStopAtLevel                        = 1                                         {product} {command line}
     bool UseCompressedClassPointers               = true                           {product lp64_product} {ergonomic}
     bool UseCompressedOops                        = true                           {product lp64_product} {ergonomic}
     bool UseG1GC                                  = true                                      {product} {ergonomic}
     bool UseLargePagesIndividualAllocation        = false                                  {pd product} {ergonomic}

Logging:
Log output configuration:
 #0: stdout all=warning uptime,level,tags
 #1: stderr all=off uptime,level,tags

Environment Variables:
PATH=C:/Users/Ganesh/Downloads/sts-4.17.1.RELEASE//plugins/org.eclipse.justj.openjdk.hotspot.jre.full.win32.x86_64_17.0.5.v20221102-0933/jre/bin/server;C:/Users/Ganesh/Downloads/sts-4.17.1.RELEASE//plugins/org.eclipse.justj.openjdk.hotspot.jre.full.win32.x86_64_17.0.5.v20221102-0933/jre/bin;C:\Program Files\Microsoft\jdk-11.0.12.7-hotspot\bin;C:\Program Files\Common Files\Oracle\Java\javapath;C:\Windows\system32;C:\Windows;C:\Windows\System32\Wbem;C:\Windows\System32\WindowsPowerShell\v1.0\;C:\Windows\System32\OpenSSH\;C:\Program Files\Java\jdk-18\bin;C:\Program Files\Microsoft SQL Server\150\Tools\Binn\;C:\Program Files\Microsoft SQL Server\Client SDK\ODBC\170\Tools\Binn\;C:\Program Files\dotnet\;C:\Users\Ganesh\anaconda3\Scripts;C:\Users\Ganesh\anaconda3;C:\Users\Ganesh\anaconda3\python.exe;C:\Program Files\MySQL\MySQL Server 8.0\bin;C:\Program Files\MySQL\MySQL Shell 8.0\bin\;C:\Users\Ganesh\anaconda3;C:\Users\Ganesh\anaconda3\Library\mingw-w64\bin;C:\Users\Ganesh\anaconda3\Library\usr\bin;C:\Users\Ganesh\anaconda3\Library\bin;C:\Users\Ganesh\anaconda3\Scripts;C:\Users\Ganesh\AppData\Local\Microsoft\WindowsApps;C:\Users\Ganesh\.dotnet\tools;C:\Program Files\JetBrains\DataSpell 2022.2.3\bin;;C:\Program Files\JetBrains\PyCharm Community Edition 2022.2.3\bin;;C:\Users\Ganesh\anaconda3\python.exe;;C:\Users\Ganesh\Downloads\sts-4.17.1.RELEASE;
USERNAME=Ganesh
OS=Windows_NT
PROCESSOR_IDENTIFIER=AMD64 Family 23 Model 104 Stepping 1, AuthenticAMD
TMP=C:\Users\Ganesh\AppData\Local\Temp
TEMP=C:\Users\Ganesh\AppData\Local\Temp



---------------  S Y S T E M  ---------------

OS:
 Windows 11 , 64 bit Build 22000 (10.0.22000.1335)
OS uptime: 7 days 22:33 hours

CPU: total 12 (initial active 12) (12 cores per cpu, 2 threads per core) family 23 model 104 stepping 1 microcode 0x0, cx8, cmov, fxsr, ht, mmx, 3dnowpref, sse, sse2, sse3, ssse3, sse4a, sse4.1, sse4.2, popcnt, lzcnt, tsc, tscinvbit, avx, avx2, aes, clmul, bmi1, bmi2, adx, sha, fma, vzeroupper, clflush, clflushopt

Memory: 4k page, system-wide physical 5989M (54M free)
TotalPageFile size 24421M (AvailPageFile size 20M)
current process WorkingSet (physical memory assigned to process): 10M, peak: 10M
current process commit charge ("private bytes"): 59M, peak: 153M

vm_info: OpenJDK 64-Bit Server VM (17.0.5+8) for windows-amd64 JRE (17.0.5+8), built on Oct 19 2022 04:48:13 by "temurin" with MS VC++ 16.7 (VS2019)

END.
